<?xml version="1.0" encoding="UTF-8"?>
<testng-results ignored="0" total="1" passed="1" failed="0" skipped="0">
  <reporter-output>
  </reporter-output>
  <suite started-at="2023-10-01T09:40:29 GMT-07:00" name="Default suite" finished-at="2023-10-01T09:40:29 GMT-07:00" duration-ms="200">
    <groups>
    </groups>
    <test started-at="2023-10-01T09:40:29 GMT-07:00" name="Default test" finished-at="2023-10-01T09:40:29 GMT-07:00" duration-ms="200">
      <class name="com.hms.jenkins.sample1">
        <test-method signature="sample()[pri:0, instance:com.hms.jenkins.sample1@2d3379b4]" started-at="2023-10-01T09:40:29 GMT-07:00" name="sample" finished-at="2023-10-01T09:40:29 GMT-07:00" duration-ms="28" status="PASS">
          <reporter-output>
          </reporter-output>
        </test-method> <!-- sample -->
      </class> <!-- com.hms.jenkins.sample1 -->
    </test> <!-- Default test -->
  </suite> <!-- Default suite -->
</testng-results>
